------------------------------------------------------------------------------------------------------------------------

[2026-06-22 22:34:44 #1 store] 
Database 'C:\Users\copet\Desktop\AppGesFin\db\dacarex.odb' is opened by 3764@DESKTOP-7D9SCD5

[2026-06-22 22:34:44 #2 store] 
Configuration path: ?

[2026-06-22 22:34:44 #3 type] 
Type com.dacarex.capital.modelo.EntidadBase is not enhanced.

[2026-06-22 22:34:44 #4 type] 
Type com.dacarex.capital.modelo.Categoria is not enhanced.

[2026-06-22 22:34:44 #5 type] 
Type com.dacarex.capital.modelo.Usuario is not enhanced.

[2026-06-22 22:34:44 #6 type] 
Type com.dacarex.capital.modelo.Movimiento is not enhanced.

[2026-06-22 22:49:50 #7 store] 
Database 'C:\Users\copet\Desktop\AppGesFin\db\dacarex.odb' is closed by 3764@DESKTOP-7D9SCD5

------------------------------------------------------------------------------------------------------------------------

[2026-06-22 23:00:16 #1 store] 
Database 'C:\Users\copet\Desktop\AppGesFin\db\dacarex.odb' is opened by 2072@DESKTOP-7D9SCD5

[2026-06-22 23:00:16 #2 store] 
Configuration path: ?

[2026-06-22 23:00:16 #3 type] 
Type com.dacarex.capital.modelo.EntidadBase is not enhanced.

[2026-06-22 23:00:16 #4 type] 
Type com.dacarex.capital.modelo.Categoria is not enhanced.

[2026-06-22 23:00:16 #5 type] 
Type com.dacarex.capital.modelo.Usuario is not enhanced.

[2026-06-22 23:00:16 #6 type] 
Type com.dacarex.capital.modelo.Movimiento is not enhanced.

[2026-06-22 23:09:50 #7 store] 
Database 'C:\Users\copet\Desktop\AppGesFin\db\dacarex.odb' is closed by 2072@DESKTOP-7D9SCD5

------------------------------------------------------------------------------------------------------------------------

[2026-06-22 23:10:01 #1 store] 
Database 'C:\Users\copet\Desktop\AppGesFin\db\dacarex.odb' is opened by 14748@DESKTOP-7D9SCD5

[2026-06-22 23:10:01 #2 store] 
Configuration path: ?

[2026-06-22 23:10:01 #3 type] 
Type com.dacarex.capital.modelo.EntidadBase is not enhanced.

[2026-06-22 23:10:01 #4 type] 
Type com.dacarex.capital.modelo.Categoria is not enhanced.

[2026-06-22 23:10:01 #5 type] 
Type com.dacarex.capital.modelo.Usuario is not enhanced.

[2026-06-22 23:10:01 #6 type] 
Type com.dacarex.capital.modelo.Movimiento is not enhanced.

[2026-06-22 23:12:49 #7 store] 
Database 'C:\Users\copet\Desktop\AppGesFin\db\dacarex.odb' is closed by 14748@DESKTOP-7D9SCD5

